  main.cpp
c:\users\alan\desktop\queue_dz\queue_dz\nicestack.h(49): warning C4290: спецификация исключений C++ игнорируется, кроме случая, когда указывается, что функция не является __declspec(nothrow)
  c:\users\alan\desktop\queue_dz\queue_dz\nicestack.h(59): note: см. ссылку на создание экземпляров класса шаблон при компиляции "NiceStack<T>"
c:\users\alan\desktop\queue_dz\queue_dz\nicestack.h(55): warning C4290: спецификация исключений C++ игнорируется, кроме случая, когда указывается, что функция не является __declspec(nothrow)
c:\users\alan\desktop\queue_dz\queue_dz\nicestack.h(58): warning C4290: спецификация исключений C++ игнорируется, кроме случая, когда указывается, что функция не является __declspec(nothrow)
c:\users\alan\desktop\queue_dz\queue_dz\nicestack.hpp(23): warning C4290: спецификация исключений C++ игнорируется, кроме случая, когда указывается, что функция не является __declspec(nothrow)
c:\users\alan\desktop\queue_dz\queue_dz\nicestack.hpp(30): warning C4290: спецификация исключений C++ игнорируется, кроме случая, когда указывается, что функция не является __declspec(nothrow)
c:\users\alan\desktop\queue_dz\queue_dz\nicestack.hpp(39): warning C4290: спецификация исключений C++ игнорируется, кроме случая, когда указывается, что функция не является __declspec(nothrow)
c:\users\alan\desktop\queue_dz\queue_dz\nicequeue.h(45): warning C4290: спецификация исключений C++ игнорируется, кроме случая, когда указывается, что функция не является __declspec(nothrow)
  c:\users\alan\desktop\queue_dz\queue_dz\nicequeue.h(53): note: см. ссылку на создание экземпляров класса шаблон при компиляции "NiceQueue<T>"
c:\users\alan\desktop\queue_dz\queue_dz\nicequeue.h(49): warning C4290: спецификация исключений C++ игнорируется, кроме случая, когда указывается, что функция не является __declspec(nothrow)
c:\users\alan\desktop\queue_dz\queue_dz\nicequeue.h(52): warning C4290: спецификация исключений C++ игнорируется, кроме случая, когда указывается, что функция не является __declspec(nothrow)
c:\users\alan\desktop\queue_dz\queue_dz\nicequeue.hpp(17): warning C4290: спецификация исключений C++ игнорируется, кроме случая, когда указывается, что функция не является __declspec(nothrow)
c:\users\alan\desktop\queue_dz\queue_dz\nicequeue.hpp(24): warning C4290: спецификация исключений C++ игнорируется, кроме случая, когда указывается, что функция не является __declspec(nothrow)
c:\users\alan\desktop\queue_dz\queue_dz\nicequeue.hpp(40): warning C4290: спецификация исключений C++ игнорируется, кроме случая, когда указывается, что функция не является __declspec(nothrow)
c:\users\alan\desktop\queue_dz\queue_dz\main.cpp(43): warning C4101: ex: неиспользованная локальная переменная
c:\users\alan\desktop\queue_dz\queue_dz\main.cpp(57): warning C4101: ex: неиспользованная локальная переменная
c:\users\alan\desktop\queue_dz\queue_dz\main.cpp(121): warning C4101: ex: неиспользованная локальная переменная
c:\users\alan\desktop\queue_dz\queue_dz\main.cpp(135): warning C4101: ex: неиспользованная локальная переменная
  Queue_DZ.vcxproj -> C:\Users\Alan\Desktop\Queue_DZ\Debug\Queue_DZ.exe
  Queue_DZ.vcxproj -> C:\Users\Alan\Desktop\Queue_DZ\Debug\Queue_DZ.pdb (Partial PDB)
